#
# A fatal error has been detected by the Java Runtime Environment:
#
#  SIGSEGV (0xb) at pc=0x00007fccc57f29d7, pid=113346, tid=113349
#
# JRE version: Java(TM) SE Runtime Environment (17.0.8+9) (build 17.0.8+9-LTS-211)
# Java VM: Java HotSpot(TM) 64-Bit Server VM (17.0.8+9-LTS-211, mixed mode, sharing, tiered, compressed oops, compressed class ptrs, g1 gc, linux-amd64)
# Problematic frame:
# J 761 c1 ch.abacus.test.Reproducer.test(Ljava/util/logging/Level;Ljava/lang/String;Ljava/lang/Throwable;)V (40 bytes) @ 0x00007fccc57f29d7 [0x00007fccc57f26a0+0x0000000000000337]
#
# Core dump will be written. Default location: Core dumps may be processed with "/usr/share/apport/apport -p%p -s%s -c%c -d%d -P%P -u%u -g%g -- %E" (or dumping to /root/IdeaProjects/test/core.113346)
#
# If you would like to submit a bug report, please visit:
#   https://bugreport.java.com/bugreport/crash.jsp
#

---------------  S U M M A R Y ------------

Command Line: -javaagent:/home/administrator/idea-IC-232.10072.27/lib/idea_rt.jar=46827:/home/administrator/idea-IC-232.10072.27/bin -Dfile.encoding=UTF-8 ch.abacus.test.Reproducer

Host: Intel(R) Xeon(R) Gold 6240R CPU @ 2.40GHz, 8 cores, 11G, Ubuntu 22.04.3 LTS
Time: Mon Oct 16 14:10:41 2023 CEST elapsed time: 0.244761 seconds (0d 0h 0m 0s)

---------------  T H R E A D  ---------------

Current thread (0x00007fccdc0259b0):  JavaThread "main" [_thread_in_Java, id=113349, stack(0x00007fcce0124000,0x00007fcce0224000)]

Stack: [0x00007fcce0124000,0x00007fcce0224000],  sp=0x00007fcce0222800,  free space=1018k
Native frames: (J=compiled Java code, j=interpreted, Vv=VM code, C=native code)
J 761 c1 ch.abacus.test.Reproducer.test(Ljava/util/logging/Level;Ljava/lang/String;Ljava/lang/Throwable;)V (40 bytes) @ 0x00007fccc57f29d7 [0x00007fccc57f26a0+0x0000000000000337]
j  ch.abacus.test.Reproducer.main([Ljava/lang/String;)V+15
v  ~StubRoutines::call_stub
V  [libjvm.so+0x800e95]  JavaCalls::call_helper(JavaValue*, methodHandle const&, JavaCallArguments*, JavaThread*)+0x315
V  [libjvm.so+0x89b2ca]  jni_invoke_static(JNIEnv_*, JavaValue*, _jobject*, JNICallType, _jmethodID*, JNI_ArgumentPusher*, JavaThread*) [clone .constprop.1]+0x3ba
V  [libjvm.so+0x89e1ce]  jni_CallStaticVoidMethod+0x16e
C  [libjli.so+0x468b]  JavaMain+0xd2b
C  [libjli.so+0x7d39]  ThreadJavaMain+0x9


siginfo: si_signo: 11 (SIGSEGV), si_code: 1 (SEGV_MAPERR), si_addr: 0x000000000000000c

Register to memory mapping:

RAX=0x0 is NULL
RBX=0x00007fcce0222800 is pointing into the stack for thread: 0x00007fccdc0259b0
RCX=0x0000000001000000 is an unknown value
RDX=0x00007fcca4157360 is pointing into metadata
RSP=0x00007fcce0222800 is pointing into the stack for thread: 0x00007fccdc0259b0
RBP=0x00007fcce0222968 is pointing into the stack for thread: 0x00007fccdc0259b0
RSI=0x00007fcce0222780 is pointing into the stack for thread: 0x00007fccdc0259b0
RDI=0x0000000000000138 is an unknown value
R8 =0x00000007504c4930 is an oop: java.util.concurrent.locks.ReentrantLock 
{0x00000007504c4930} - klass: 'java/util/concurrent/locks/ReentrantLock'
 - ---- fields (total size 2 words):
 - private final 'sync' 'Ljava/util/concurrent/locks/ReentrantLock$Sync;' @12  a 'java/util/concurrent/locks/ReentrantLock$NonfairSync'{0x00000007504c4940} (ea098928)
R9 =0x0000000750c058e8 is an oop: java.io.FileDescriptor 
{0x0000000750c058e8} - klass: 'java/io/FileDescriptor'
 - ---- fields (total size 5 words):
 - private 'fd' 'I' @12  2
 - private 'handle' 'J' @16  -1 (ffffffff ffffffff)
 - private 'closed' 'Z' @24  false
 - private 'append' 'Z' @25  false
 - private 'parent' 'Ljava/io/Closeable;' @28  a 'java/io/FileOutputStream'{0x0000000750c05980} (ea180b30)
 - private 'otherParents' 'Ljava/util/List;' @32  NULL (0)
 - private 'cleanup' 'Ljdk/internal/ref/PhantomCleanable;' @36  NULL (0)
R10=0x00007fcce15866c0: <offset 0x00000000012766c0> in /home/administrator/Downloads/jdk-17.0.8/lib/server/libjvm.so at 0x00007fcce0310000
R11=0x00007fccc57cf580 is at entry_point+32 in (nmethod*)0x00007fccc57cf390
R12=0x0 is NULL
R13=0x00007fccc57f29a4 is at entry_point+772 in (nmethod*)0x00007fccc57f2490
R14=0x00007fcce02227f0 is pointing into the stack for thread: 0x00007fccdc0259b0
R15=0x00007fccdc0259b0 is a thread


Registers:
RAX=0x0000000000000000, RBX=0x00007fcce0222800, RCX=0x0000000001000000, RDX=0x00007fcca4157360
RSP=0x00007fcce0222800, RBP=0x00007fcce0222968, RSI=0x00007fcce0222780, RDI=0x0000000000000138
R8 =0x00000007504c4930, R9 =0x0000000750c058e8, R10=0x00007fcce15866c0, R11=0x00007fccc57cf580
R12=0x0000000000000000, R13=0x00007fccc57f29a4, R14=0x00007fcce02227f0, R15=0x00007fccdc0259b0
RIP=0x00007fccc57f29d7, EFLAGS=0x0000000000010246, CSGSFS=0x002b000000000033, ERR=0x0000000000000004
  TRAPNO=0x000000000000000e

Top of Stack: (sp=0x00007fcce0222800)
0x00007fcce0222800:   0000000000000000 0000000000000000
0x00007fcce0222810:   0000000750dd1918 00000007504c3030
0x00007fcce0222820:   0000000750deee20 00007fcce0222828
0x00007fcce0222830:   00007fcc5f85599d 00007fcce0bd93db 

Instructions: (pc=0x00007fccc57f29d7)
0x00007fccc57f28d7:   83 fa 00 0f 85 37 02 00 00 4d 8b d0 49 c1 ea 03
0x00007fccc57f28e7:   44 89 53 0c 48 8b d3 49 33 d0 48 c1 ea 15 48 83
0x00007fccc57f28f7:   fa 00 0f 85 37 02 00 00 48 ba 40 3e 0f 5f cc 7f
0x00007fccc57f2907:   00 00 49 8b 87 08 01 00 00 48 8d 78 30 49 3b bf
0x00007fccc57f2917:   18 01 00 00 0f 87 2d 02 00 00 49 89 bf 08 01 00
0x00007fccc57f2927:   00 48 c7 00 01 00 00 00 48 8b ca 49 ba 00 00 00
0x00007fccc57f2937:   5f cc 7f 00 00 49 2b ca 89 48 08 48 33 c9 89 48
0x00007fccc57f2947:   0c 48 33 c9 48 89 48 10 48 89 48 18 48 89 48 20
0x00007fccc57f2957:   48 89 48 28 c7 40 20 00 00 40 3f 41 0f be 57 38
0x00007fccc57f2967:   83 fa 00 0f 85 eb 01 00 00 4c 8b d0 49 c1 ea 03
0x00007fccc57f2977:   44 89 53 10 48 8b d3 48 33 d0 48 c1 ea 15 48 83
0x00007fccc57f2987:   fa 00 0f 85 eb 01 00 00 48 ba 60 13 dd 50 07 00
0x00007fccc57f2997:   00 00 48 8b f3 66 66 90 e8 71 02 00 00 48 83 f8
0x00007fccc57f29a7:   00 0f 84 29 00 00 00 48 bb 28 2d 05 5f cc 7f 00
0x00007fccc57f29b7:   00 8b 78 08 49 ba 00 00 00 5f cc 7f 00 00 49 03
0x00007fccc57f29c7:   fa 48 3b 5f 40 0f 85 c0 01 00 00 e9 00 00 00 00
0x00007fccc57f29d7:   8b 40 0c 48 c1 e0 03 41 0f be 77 38 83 fe 00 0f
0x00007fccc57f29e7:   85 af 01 00 00 e9 1b 00 00 00 49 8b 87 d0 03 00
0x00007fccc57f29f7:   00 4d 33 d2 4d 89 97 d0 03 00 00 4d 33 d2 4d 89
0x00007fccc57f2a07:   97 d8 03 00 00 66 66 90 e8 6c c6 45 07 48 be 50
0x00007fccc57f2a17:   8d dc 50 07 00 00 00 48 ba 00 00 00 00 00 00 00
0x00007fccc57f2a27:   00 48 8b c8 0f 1f 40 00 e8 4c c6 45 07 48 3b 00
0x00007fccc57f2a37:   48 8b 94 24 c8 00 00 00 48 8b 8c 24 d0 00 00 00
0x00007fccc57f2a47:   4c 8b 84 24 d8 00 00 00 48 8b f0 0f 1f 44 00 00
0x00007fccc57f2a57:   e8 24 c0 45 07 48 81 c4 f0 00 00 00 5d 49 3b a7
0x00007fccc57f2a67:   40 03 00 00 0f 87 47 01 00 00 c3 49 ba 28 37 40
0x00007fccc57f2a77:   a4 cc 7f 00 00 4c 89 54 24 08 48 c7 04 24 ff ff
0x00007fccc57f2a87:   ff ff e8 f2 7c 50 07 e9 56 fc ff ff e8 08 0b 50
0x00007fccc57f2a97:   07 48 89 04 24 e8 ff 4c 50 07 e8 fa 0a 50 07 e8
0x00007fccc57f2aa7:   f5 0a 50 07 48 8b d2 e8 cd 31 50 07 e9 f7 fc ff
0x00007fccc57f2ab7:   ff 48 8b d2 e8 c0 31 50 07 e9 3a fd ff ff 48 8b
0x00007fccc57f2ac7:   d2 e8 b3 31 50 07 e9 7c fd ff ff 48 8b d2 e8 a6 


Stack slot to memory mapping:
stack at sp + 0 slots: 0x0 is NULL
stack at sp + 1 slots: 0x0 is NULL
stack at sp + 2 slots: 0x0000000750dd1918 is an oop: java.util.logging.Logger$LoggerBundle 
{0x0000000750dd1918} - klass: 'java/util/logging/Logger$LoggerBundle'
 - ---- fields (total size 3 words):
 - final 'resourceBundleName' 'Ljava/lang/String;' @12  NULL (0)
 - final 'userBundle' 'Ljava/util/ResourceBundle;' @16  NULL (0)
stack at sp + 3 slots: 0x00000007504c3030 is an oop: java.util.logging.LogRecord 
{0x00000007504c3030} - klass: 'java/util/logging/LogRecord'
 - ---- fields (total size 10 words):
 - private 'threadID' 'I' @12  1
 - private 'sequenceNumber' 'J' @16  771 (303 0)
 - private 'longThreadID' 'J' @24  1 (1 0)
 - private transient 'needToInferCaller' 'Z' @32  false
 - private 'level' 'Ljava/util/logging/Level;' @36  a 'java/util/logging/Level'{0x0000000750dcbac8} (ea1b9759)
 - private 'sourceClassName' 'Ljava/lang/String;' @40  "ch.abacus.test.Reproducer"{0x0000000750dc8d80} (ea1b91b0)
 - private 'sourceMethodName' 'Ljava/lang/String;' @44  "test"{0x0000000750c36bd8} (ea186d7b)
 - private 'message' 'Ljava/lang/String;' @48  "test"{0x0000000750c36bd8} (ea186d7b)
 - private 'thrown' 'Ljava/lang/Throwable;' @52  NULL (0)
 - private 'loggerName' 'Ljava/lang/String;' @56  "X"{0x0000000750dc8d50} (ea1b91aa)
 - private 'resourceBundleName' 'Ljava/lang/String;' @60  NULL (0)
 - private 'instant' 'Ljava/time/Instant;' @64  a 'java/time/Instant'{0x00000007504c3080} (ea098610)
 - private transient 'parameters' '[Ljava/lang/Object;' @68  NULL (0)
 - private transient 'resourceBundle' 'Ljava/util/ResourceBundle;' @72  NULL (0)
stack at sp + 4 slots: 0x0000000750deee20 is an oop: java.util.logging.Logger 
{0x0000000750deee20} - klass: 'java/util/logging/Logger'
 - ---- fields (total size 7 words):
 - private 'anonymous' 'Z' @12  false
 - private final 'isSystemLogger' 'Z' @13  false
 - private volatile 'config' 'Ljava/util/logging/Logger$ConfigurationData;' @16  a 'java/util/logging/Logger$ConfigurationData'{0x0000000750deee58} (ea1bddcb)
 - private volatile 'manager' 'Ljava/util/logging/LogManager;' @20  a 'java/util/logging/LogManager'{0x0000000750dd1a18} (ea1ba343)
 - private 'name' 'Ljava/lang/String;' @24  "X"{0x0000000750dc8d50} (ea1b91aa)
 - private volatile 'loggerBundle' 'Ljava/util/logging/Logger$LoggerBundle;' @28  a 'java/util/logging/Logger$LoggerBundle'{0x0000000750dd1918} (ea1ba323)
 - private 'catalogRef' 'Ljava/lang/ref/WeakReference;' @32  NULL (0)
 - private 'catalogName' 'Ljava/lang/String;' @36  NULL (0)
 - private 'catalogLocale' 'Ljava/util/Locale;' @40  NULL (0)
 - private volatile 'parent' 'Ljava/util/logging/Logger;' @44  a 'java/util/logging/LogManager$RootLogger'{0x0000000750dd8438} (ea1bb087)
 - private 'kids' 'Ljava/util/ArrayList;' @48  NULL (0)
 - private 'callerModuleRef' 'Ljava/lang/ref/WeakReference;' @52  NULL (0)
stack at sp + 5 slots: 0x00007fcce0222828 is pointing into the stack for thread: 0x00007fccdc0259b0
stack at sp + 6 slots: 0x00007fcc5f85599d is pointing into metadata
stack at sp + 7 slots: 0x00007fcce0bd93db: <offset 0x00000000008c93db> in /home/administrator/Downloads/jdk-17.0.8/lib/server/libjvm.so at 0x00007fcce0310000

--------------------------------------------------------------------------------
[Constant Pool (empty)]

--------------------------------------------------------------------------------

[MachCode]
  0x00007fccc57f26a0: 8984 2400 | c0fe ff55 | 4881 ecf0 | 0000 0048 | 89b4 24c8 | 0000 0048 | 8994 24d0 | 0000 0048 
  0x00007fccc57f26c0: 898c 24d8 | 0000 0048 | bf78 3b40 | a4cc 7f00 | 008b 5f08 | 83c3 0289 | 5f08 81e3 | fe0f 0000 
  0x00007fccc57f26e0: 83fb 000f | 8489 0300 | 00e8 a288 | 721b 48be | 0000 0000 | 0000 0000 | 483b f00f | 8d0b 0300 
  0x00007fccc57f2700: 0048 bed8 | d0dc 5007 | 0000 008b | 7670 48c1 | e603 483b | 0648 be18 | e5dc 5007 | 0000 00e8 
  0x00007fccc57f2720: dc3d fcff | 4883 f800 | 0f84 2800 | 0000 48ba | 0812 0060 | cc7f 0000 | 8b70 0849 | ba00 0000 
  0x00007fccc57f2740: 5fcc 7f00 | 0049 03f2 | 483b d60f | 8547 0300 | 00e9 0000 | 0000 488b | d08b 520c | 48c1 e203 
  0x00007fccc57f2760: 483b 0248 | ba40 1800 | 60cc 7f00 | 0049 8b87 | 0801 0000 | 488d 7810 | 493b bf18 | 0100 000f 
  0x00007fccc57f2780: 8726 0300 | 0049 89bf | 0801 0000 | 48c7 0001 | 0000 0048 | 8bca 49ba | 0000 005f | cc7f 0000 
  0x00007fccc57f27a0: 492b ca89 | 4808 4833 | c989 480c | 4833 c948 | ba50 1a00 | 60cc 7f00 | 0049 8b87 | 0801 0000 
  0x00007fccc57f27c0: 488d 7818 | 493b bf18 | 0100 000f | 87e7 0200 | 0049 89bf | 0801 0000 | 48c7 0001 | 0000 0048 
  0x00007fccc57f27e0: 8bca 49ba | 0000 005f | cc7f 0000 | 492b ca89 | 4808 4833 | c989 480c | 4833 c948 | 8948 1048 
  0x00007fccc57f2800: 8bd8 48ba | 3012 1b5f | cc7f 0000 | 498b 8708 | 0100 0048 | 8d78 1049 | 3bbf 1801 | 0000 0f87 
  0x00007fccc57f2820: a102 0000 | 4989 bf08 | 0100 0048 | c700 0100 | 0000 488b | ca49 ba00 | 0000 5fcc | 7f00 0049 
  0x00007fccc57f2840: 2bca 8948 | 0848 33c9 | 8948 0c48 | 33c9 4c8b | c048 baa8 | 8103 5fcc | 7f00 0049 | 8b87 0801 
  0x00007fccc57f2860: 0000 488d | 7820 493b | bf18 0100 | 000f 875f | 0200 0049 | 89bf 0801 | 0000 48c7 | 0001 0000 
  0x00007fccc57f2880: 0048 8bca | 49ba 0000 | 005f cc7f | 0000 492b | ca89 4808 | 4833 c989 | 480c 4833 | c948 8948 
  0x00007fccc57f28a0: 1048 8948 | 1841 0fbe | 5738 83fa | 000f 852c | 0200 004c | 8bd0 49c1 | ea03 4589 | 500c 498b 
  0x00007fccc57f28c0: d048 33d0 | 48c1 ea15 | 4883 fa00 | 0f85 2d02 | 0000 410f | be57 3883 | fa00 0f85 | 3702 0000 
  0x00007fccc57f28e0: 4d8b d049 | c1ea 0344 | 8953 0c48 | 8bd3 4933 | d048 c1ea | 1548 83fa | 000f 8537 | 0200 0048 
  0x00007fccc57f2900: ba40 3e0f | 5fcc 7f00 | 0049 8b87 | 0801 0000 | 488d 7830 | 493b bf18 | 0100 000f | 872d 0200 
  0x00007fccc57f2920: 0049 89bf | 0801 0000 | 48c7 0001 | 0000 0048 | 8bca 49ba | 0000 005f | cc7f 0000 | 492b ca89 
  0x00007fccc57f2940: 4808 4833 | c989 480c | 4833 c948 | 8948 1048 | 8948 1848 | 8948 2048 | 8948 28c7 | 4020 0000 
  0x00007fccc57f2960: 403f 410f | be57 3883 | fa00 0f85 | eb01 0000 | 4c8b d049 | c1ea 0344 | 8953 1048 | 8bd3 4833 
  0x00007fccc57f2980: d048 c1ea | 1548 83fa | 000f 85eb | 0100 0048 | ba60 13dd | 5007 0000 | 0048 8bf3 | 6666 90e8 
  0x00007fccc57f29a0: 7102 0000 | 4883 f800 | 0f84 2900 | 0000 48bb | 282d 055f | cc7f 0000 | 8b78 0849 | ba00 0000 
  0x00007fccc57f29c0: 5fcc 7f00 | 0049 03fa | 483b 5f40 | 0f85 c001 | 0000 e900 | 0000 008b | 400c 48c1 | e003 410f 
  0x00007fccc57f29e0: be77 3883 | fe00 0f85 | af01 0000 | e91b 0000 | 0049 8b87 | d003 0000 | 4d33 d24d | 8997 d003 
  0x00007fccc57f2a00: 0000 4d33 | d24d 8997 | d803 0000 | 6666 90e8 | 6cc6 4507 | 48be 508d | dc50 0700 | 0000 48ba 
  0x00007fccc57f2a20: 0000 0000 | 0000 0000 | 488b c80f | 1f40 00e8 | 4cc6 4507 | 483b 0048 | 8b94 24c8 | 0000 0048 
  0x00007fccc57f2a40: 8b8c 24d0 | 0000 004c | 8b84 24d8 | 0000 0048 | 8bf0 0f1f | 4400 00e8 | 24c0 4507 | 4881 c4f0 
  0x00007fccc57f2a60: 0000 005d | 493b a740 | 0300 000f | 8747 0100 | 00c3 49ba | 2837 40a4 | cc7f 0000 | 4c89 5424 
  0x00007fccc57f2a80: 0848 c704 | 24ff ffff | ffe8 f27c | 5007 e956 | fcff ffe8 | 080b 5007 | 4889 0424 | e8ff 4c50 
  0x00007fccc57f2aa0: 07e8 fa0a | 5007 e8f5 | 0a50 0748 | 8bd2 e8cd | 3150 07e9 | f7fc ffff | 488b d2e8 | c031 5007 
  0x00007fccc57f2ac0: e93a fdff | ff48 8bd2 | e8b3 3150 | 07e9 7cfd | ffff 488b | d2e8 a631 | 5007 e9c6 | fdff ff41 
  0x00007fccc57f2ae0: 8b50 0c48 | c1e2 0348 | 83fa 000f | 84c2 fdff | ff48 8914 | 24e8 8682 | 5007 e9b4 | fdff ff48 
  0x00007fccc57f2b00: 83f8 000f | 84c9 fdff | ff4c 8904 | 24e8 6e8b | 5007 e9bb | fdff ff8b | 530c 48c1 | e203 4883 
  0x00007fccc57f2b20: fa00 0f84 | b8fd ffff | 4889 1424 | e84f 8250 | 07e9 aafd | ffff 4983 | f800 0f84 | bffd ffff 
  0x00007fccc57f2b40: 4889 1c24 | e837 8b50 | 07e9 b1fd | ffff 488b | d2e8 2a31 | 5007 e900 | feff ff8b | 5310 48c1 
  0x00007fccc57f2b60: e203 4883 | fa00 0f84 | 04fe ffff | 4889 1424 | e80b 8250 | 07e9 f6fd | ffff 4883 | f800 0f84 
  0x00007fccc57f2b80: 0bfe ffff | 4889 1c24 | e8f3 8a50 | 07e9 fdfd | ffff 4889 | 0424 e805 | 4c50 0748 | 83f8 000f 
  0x00007fccc57f2ba0: 8447 feff | ff48 8904 | 24e8 d281 | 5007 e939 | feff ffe8 | e809 5007 | 49ba 642a | 7fc5 cc7f 
  0x00007fccc57f2bc0: 0000 4d89 | 9758 0300 | 00e9 3225 | 4607 9090 | 498b 87d0 | 0300 0049 | c787 d003 | 0000 0000 
  0x00007fccc57f2be0: 0000 49c7 | 87d8 0300 | 0000 0000 | 0048 81c4 | f000 0000 | 5de9 8618 | 5007 f4f4 | f4f4 f4f4 
  0x00007fccc57f2c00: 0f1f 4400 | 0048 bb00 | 0000 0000 | 0000 00e9 | fbff ffff | 9048 bb40 | 5440 a4cc | 7f00 00e9 
  0x00007fccc57f2c20: 3911 4607 | 9048 bb00 | 0000 0000 | 0000 00e9 | fbff ffff | 9048 bb00 | 0000 0000 | 0000 00e9 
  0x00007fccc57f2c40: fbff ffff | 9048 bb00 | 0000 0000 | 0000 00e9 | fbff ffff | e827 4550 | 0748 bfa8 | 641d e1cc 
  0x00007fccc57f2c60: 7f00 0048 | 83e4 f0e8 | b441 601b | f449 ba6d | 2c7f c5cc | 7f00 0041 | 52e9 2217 | 4607 f4f4 
[/MachCode]
--------------------------------------------------------------------------------


---------------  P R O C E S S  ---------------

Threads class SMR info:
_java_thread_list=0x00007fccdc1dfeb0, length=12, elements={
0x00007fccdc0259b0, 0x00007fccdc14bb80, 0x00007fccdc14cf60, 0x00007fccdc1526e0,
0x00007fccdc153a90, 0x00007fccdc154ea0, 0x00007fccdc156850, 0x00007fccdc157d80,
0x00007fccdc1611e0, 0x00007fccdc16cda0, 0x00007fccdc1dd630, 0x00007fccdc1def90
}

Java Threads: ( => current thread )
=>0x00007fccdc0259b0 JavaThread "main" [_thread_in_Java, id=113349, stack(0x00007fcce0124000,0x00007fcce0224000)]
  0x00007fccdc14bb80 JavaThread "Reference Handler" daemon [_thread_blocked, id=113365, stack(0x00007fccbccf7000,0x00007fccbcdf7000)]
  0x00007fccdc14cf60 JavaThread "Finalizer" daemon [_thread_blocked, id=113366, stack(0x00007fccbcbf7000,0x00007fccbccf7000)]
  0x00007fccdc1526e0 JavaThread "Signal Dispatcher" daemon [_thread_blocked, id=113367, stack(0x00007fccbc80e000,0x00007fccbc90e000)]
  0x00007fccdc153a90 JavaThread "Service Thread" daemon [_thread_blocked, id=113368, stack(0x00007fccbc70e000,0x00007fccbc80e000)]
  0x00007fccdc154ea0 JavaThread "Monitor Deflation Thread" daemon [_thread_blocked, id=113369, stack(0x00007fccbc60e000,0x00007fccbc70e000)]
  0x00007fccdc156850 JavaThread "C2 CompilerThread0" daemon [_thread_in_native, id=113370, stack(0x00007fccbc50e000,0x00007fccbc60e000)]
  0x00007fccdc157d80 JavaThread "C1 CompilerThread0" daemon [_thread_blocked, id=113371, stack(0x00007fccbc40e000,0x00007fccbc50e000)]
  0x00007fccdc1611e0 JavaThread "Sweeper thread" daemon [_thread_blocked, id=113372, stack(0x00007fccbc30e000,0x00007fccbc40e000)]
  0x00007fccdc16cda0 JavaThread "Common-Cleaner" daemon [_thread_blocked, id=113376, stack(0x00007fccbc20e000,0x00007fccbc30e000)]
  0x00007fccdc1dd630 JavaThread "Monitor Ctrl-Break" daemon [_thread_in_native, id=113377, stack(0x00007fccbc10e000,0x00007fccbc20e000)]
  0x00007fccdc1def90 JavaThread "Notification Thread" daemon [_thread_blocked, id=113378, stack(0x00007fccbc00e000,0x00007fccbc10e000)]

Other Threads:
  0x00007fccdc147b30 VMThread "VM Thread" [stack: 0x00007fccbcdf9000,0x00007fccbcef9000] [id=113364]
  0x00007fccdc028520 WatcherThread [stack: 0x00007fccadf00000,0x00007fccae000000] [id=113379]
  0x00007fccdc07de50 GCTaskThread "GC Thread#0" [stack: 0x00007fccbdcf8000,0x00007fccbddf8000] [id=113350]
  0x00007fccdc08af20 ConcurrentGCThread "G1 Main Marker" [stack: 0x00007fccbdbf6000,0x00007fccbdcf6000] [id=113351]
  0x00007fccdc08be80 ConcurrentGCThread "G1 Conc#0" [stack: 0x00007fccbdaf4000,0x00007fccbdbf4000] [id=113352]
  0x00007fccdc11c950 ConcurrentGCThread "G1 Refine#0" [stack: 0x00007fccbd1ea000,0x00007fccbd2ea000] [id=113353]
  0x00007fccdc11d840 ConcurrentGCThread "G1 Service" [stack: 0x00007fccbd0e8000,0x00007fccbd1e8000] [id=113354]

Threads with active compile tasks:
C2 CompilerThread0      259  507       4       java.util.regex.Pattern$GroupHead::match (47 bytes)

VM state: not at safepoint (normal execution)

VM Mutex/Monitor currently owned by a thread: None

Heap address: 0x0000000745200000, size: 2990 MB, Compressed Oops mode: Zero based, Oop shift amount: 3

CDS archive(s) mapped at: [0x00007fcc5f000000-0x00007fcc5fbed000-0x00007fcc5fbed000), size 12505088, SharedBaseAddress: 0x00007fcc5f000000, ArchiveRelocationMode: 1.
Compressed class space mapped at: 0x00007fcc60000000-0x00007fcca0000000, reserved size: 1073741824
Narrow klass base: 0x00007fcc5f000000, Narrow klass shift: 0, Narrow klass range: 0x100000000

GC Precious Log:
 CPUs: 8 total, 8 available
 Memory: 11956M
 Large Page Support: Disabled
 NUMA Support: Disabled
 Compressed Oops: Enabled (Zero based)
 Heap Region Size: 2M
 Heap Min Capacity: 8M
 Heap Initial Capacity: 188M
 Heap Max Capacity: 2990M
 Pre-touch: Disabled
 Parallel Workers: 8
 Concurrent Workers: 2
 Concurrent Refinement Workers: 8
 Periodic GC: Disabled

Heap:
 garbage-first heap   total 196608K, used 10220K [0x0000000745200000, 0x0000000800000000)
  region size 2048K, 5 young (10240K), 0 survivors (0K)
 Metaspace       used 1658K, committed 1792K, reserved 1114112K
  class space    used 122K, committed 192K, reserved 1048576K

Heap Regions: E=young(eden), S=young(survivor), O=old, HS=humongous(starts), HC=humongous(continues), CS=collection set, F=free, OA=open archive, CA=closed archive, TAMS=top-at-mark-start (previous, next)
|   0|0x0000000745200000, 0x0000000745200000, 0x0000000745400000|  0%| F|  |TAMS 0x0000000745200000, 0x0000000745200000| Untracked 
|   1|0x0000000745400000, 0x0000000745400000, 0x0000000745600000|  0%| F|  |TAMS 0x0000000745400000, 0x0000000745400000| Untracked 
|   2|0x0000000745600000, 0x0000000745600000, 0x0000000745800000|  0%| F|  |TAMS 0x0000000745600000, 0x0000000745600000| Untracked 
|   3|0x0000000745800000, 0x0000000745800000, 0x0000000745a00000|  0%| F|  |TAMS 0x0000000745800000, 0x0000000745800000| Untracked 
|   4|0x0000000745a00000, 0x0000000745a00000, 0x0000000745c00000|  0%| F|  |TAMS 0x0000000745a00000, 0x0000000745a00000| Untracked 
|   5|0x0000000745c00000, 0x0000000745c00000, 0x0000000745e00000|  0%| F|  |TAMS 0x0000000745c00000, 0x0000000745c00000| Untracked 
|   6|0x0000000745e00000, 0x0000000745e00000, 0x0000000746000000|  0%| F|  |TAMS 0x0000000745e00000, 0x0000000745e00000| Untracked 
|   7|0x0000000746000000, 0x0000000746000000, 0x0000000746200000|  0%| F|  |TAMS 0x0000000746000000, 0x0000000746000000| Untracked 
|   8|0x0000000746200000, 0x0000000746200000, 0x0000000746400000|  0%| F|  |TAMS 0x0000000746200000, 0x0000000746200000| Untracked 
|   9|0x0000000746400000, 0x0000000746400000, 0x0000000746600000|  0%| F|  |TAMS 0x0000000746400000, 0x0000000746400000| Untracked 
|  10|0x0000000746600000, 0x0000000746600000, 0x0000000746800000|  0%| F|  |TAMS 0x0000000746600000, 0x0000000746600000| Untracked 
|  11|0x0000000746800000, 0x0000000746800000, 0x0000000746a00000|  0%| F|  |TAMS 0x0000000746800000, 0x0000000746800000| Untracked 
|  12|0x0000000746a00000, 0x0000000746a00000, 0x0000000746c00000|  0%| F|  |TAMS 0x0000000746a00000, 0x0000000746a00000| Untracked 
|  13|0x0000000746c00000, 0x0000000746c00000, 0x0000000746e00000|  0%| F|  |TAMS 0x0000000746c00000, 0x0000000746c00000| Untracked 
|  14|0x0000000746e00000, 0x0000000746e00000, 0x0000000747000000|  0%| F|  |TAMS 0x0000000746e00000, 0x0000000746e00000| Untracked 
|  15|0x0000000747000000, 0x0000000747000000, 0x0000000747200000|  0%| F|  |TAMS 0x0000000747000000, 0x0000000747000000| Untracked 
|  16|0x0000000747200000, 0x0000000747200000, 0x0000000747400000|  0%| F|  |TAMS 0x0000000747200000, 0x0000000747200000| Untracked 
|  17|0x0000000747400000, 0x0000000747400000, 0x0000000747600000|  0%| F|  |TAMS 0x0000000747400000, 0x0000000747400000| Untracked 
|  18|0x0000000747600000, 0x0000000747600000, 0x0000000747800000|  0%| F|  |TAMS 0x0000000747600000, 0x0000000747600000| Untracked 
|  19|0x0000000747800000, 0x0000000747800000, 0x0000000747a00000|  0%| F|  |TAMS 0x0000000747800000, 0x0000000747800000| Untracked 
|  20|0x0000000747a00000, 0x0000000747a00000, 0x0000000747c00000|  0%| F|  |TAMS 0x0000000747a00000, 0x0000000747a00000| Untracked 
|  21|0x0000000747c00000, 0x0000000747c00000, 0x0000000747e00000|  0%| F|  |TAMS 0x0000000747c00000, 0x0000000747c00000| Untracked 
|  22|0x0000000747e00000, 0x0000000747e00000, 0x0000000748000000|  0%| F|  |TAMS 0x0000000747e00000, 0x0000000747e00000| Untracked 
|  23|0x0000000748000000, 0x0000000748000000, 0x0000000748200000|  0%| F|  |TAMS 0x0000000748000000, 0x0000000748000000| Untracked 
|  24|0x0000000748200000, 0x0000000748200000, 0x0000000748400000|  0%| F|  |TAMS 0x0000000748200000, 0x0000000748200000| Untracked 
|  25|0x0000000748400000, 0x0000000748400000, 0x0000000748600000|  0%| F|  |TAMS 0x0000000748400000, 0x0000000748400000| Untracked 
|  26|0x0000000748600000, 0x0000000748600000, 0x0000000748800000|  0%| F|  |TAMS 0x0000000748600000, 0x0000000748600000| Untracked 
|  27|0x0000000748800000, 0x0000000748800000, 0x0000000748a00000|  0%| F|  |TAMS 0x0000000748800000, 0x0000000748800000| Untracked 
|  28|0x0000000748a00000, 0x0000000748a00000, 0x0000000748c00000|  0%| F|  |TAMS 0x0000000748a00000, 0x0000000748a00000| Untracked 
|  29|0x0000000748c00000, 0x0000000748c00000, 0x0000000748e00000|  0%| F|  |TAMS 0x0000000748c00000, 0x0000000748c00000| Untracked 
|  30|0x0000000748e00000, 0x0000000748e00000, 0x0000000749000000|  0%| F|  |TAMS 0x0000000748e00000, 0x0000000748e00000| Untracked 
|  31|0x0000000749000000, 0x0000000749000000, 0x0000000749200000|  0%| F|  |TAMS 0x0000000749000000, 0x0000000749000000| Untracked 
|  32|0x0000000749200000, 0x0000000749200000, 0x0000000749400000|  0%| F|  |TAMS 0x0000000749200000, 0x0000000749200000| Untracked 
|  33|0x0000000749400000, 0x0000000749400000, 0x0000000749600000|  0%| F|  |TAMS 0x0000000749400000, 0x0000000749400000| Untracked 
|  34|0x0000000749600000, 0x0000000749600000, 0x0000000749800000|  0%| F|  |TAMS 0x0000000749600000, 0x0000000749600000| Untracked 
|  35|0x0000000749800000, 0x0000000749800000, 0x0000000749a00000|  0%| F|  |TAMS 0x0000000749800000, 0x0000000749800000| Untracked 
|  36|0x0000000749a00000, 0x0000000749a00000, 0x0000000749c00000|  0%| F|  |TAMS 0x0000000749a00000, 0x0000000749a00000| Untracked 
|  37|0x0000000749c00000, 0x0000000749c00000, 0x0000000749e00000|  0%| F|  |TAMS 0x0000000749c00000, 0x0000000749c00000| Untracked 
|  38|0x0000000749e00000, 0x0000000749e00000, 0x000000074a000000|  0%| F|  |TAMS 0x0000000749e00000, 0x0000000749e00000| Untracked 
|  39|0x000000074a000000, 0x000000074a000000, 0x000000074a200000|  0%| F|  |TAMS 0x000000074a000000, 0x000000074a000000| Untracked 
|  40|0x000000074a200000, 0x000000074a200000, 0x000000074a400000|  0%| F|  |TAMS 0x000000074a200000, 0x000000074a200000| Untracked 
|  41|0x000000074a400000, 0x000000074a400000, 0x000000074a600000|  0%| F|  |TAMS 0x000000074a400000, 0x000000074a400000| Untracked 
|  42|0x000000074a600000, 0x000000074a600000, 0x000000074a800000|  0%| F|  |TAMS 0x000000074a600000, 0x000000074a600000| Untracked 
|  43|0x000000074a800000, 0x000000074a800000, 0x000000074aa00000|  0%| F|  |TAMS 0x000000074a800000, 0x000000074a800000| Untracked 
|  44|0x000000074aa00000, 0x000000074aa00000, 0x000000074ac00000|  0%| F|  |TAMS 0x000000074aa00000, 0x000000074aa00000| Untracked 
|  45|0x000000074ac00000, 0x000000074ac00000, 0x000000074ae00000|  0%| F|  |TAMS 0x000000074ac00000, 0x000000074ac00000| Untracked 
|  46|0x000000074ae00000, 0x000000074ae00000, 0x000000074b000000|  0%| F|  |TAMS 0x000000074ae00000, 0x000000074ae00000| Untracked 
|  47|0x000000074b000000, 0x000000074b000000, 0x000000074b200000|  0%| F|  |TAMS 0x000000074b000000, 0x000000074b000000| Untracked 
|  48|0x000000074b200000, 0x000000074b200000, 0x000000074b400000|  0%| F|  |TAMS 0x000000074b200000, 0x000000074b200000| Untracked 
|  49|0x000000074b400000, 0x000000074b400000, 0x000000074b600000|  0%| F|  |TAMS 0x000000074b400000, 0x000000074b400000| Untracked 
|  50|0x000000074b600000, 0x000000074b600000, 0x000000074b800000|  0%| F|  |TAMS 0x000000074b600000, 0x000000074b600000| Untracked 
|  51|0x000000074b800000, 0x000000074b800000, 0x000000074ba00000|  0%| F|  |TAMS 0x000000074b800000, 0x000000074b800000| Untracked 
|  52|0x000000074ba00000, 0x000000074ba00000, 0x000000074bc00000|  0%| F|  |TAMS 0x000000074ba00000, 0x000000074ba00000| Untracked 
|  53|0x000000074bc00000, 0x000000074bc00000, 0x000000074be00000|  0%| F|  |TAMS 0x000000074bc00000, 0x000000074bc00000| Untracked 
|  54|0x000000074be00000, 0x000000074be00000, 0x000000074c000000|  0%| F|  |TAMS 0x000000074be00000, 0x000000074be00000| Untracked 
|  55|0x000000074c000000, 0x000000074c000000, 0x000000074c200000|  0%| F|  |TAMS 0x000000074c000000, 0x000000074c000000| Untracked 
|  56|0x000000074c200000, 0x000000074c200000, 0x000000074c400000|  0%| F|  |TAMS 0x000000074c200000, 0x000000074c200000| Untracked 
|  57|0x000000074c400000, 0x000000074c400000, 0x000000074c600000|  0%| F|  |TAMS 0x000000074c400000, 0x000000074c400000| Untracked 
|  58|0x000000074c600000, 0x000000074c600000, 0x000000074c800000|  0%| F|  |TAMS 0x000000074c600000, 0x000000074c600000| Untracked 
|  59|0x000000074c800000, 0x000000074c800000, 0x000000074ca00000|  0%| F|  |TAMS 0x000000074c800000, 0x000000074c800000| Untracked 
|  60|0x000000074ca00000, 0x000000074ca00000, 0x000000074cc00000|  0%| F|  |TAMS 0x000000074ca00000, 0x000000074ca00000| Untracked 
|  61|0x000000074cc00000, 0x000000074cc00000, 0x000000074ce00000|  0%| F|  |TAMS 0x000000074cc00000, 0x000000074cc00000| Untracked 
|  62|0x000000074ce00000, 0x000000074ce00000, 0x000000074d000000|  0%| F|  |TAMS 0x000000074ce00000, 0x000000074ce00000| Untracked 
|  63|0x000000074d000000, 0x000000074d000000, 0x000000074d200000|  0%| F|  |TAMS 0x000000074d000000, 0x000000074d000000| Untracked 
|  64|0x000000074d200000, 0x000000074d200000, 0x000000074d400000|  0%| F|  |TAMS 0x000000074d200000, 0x000000074d200000| Untracked 
|  65|0x000000074d400000, 0x000000074d400000, 0x000000074d600000|  0%| F|  |TAMS 0x000000074d400000, 0x000000074d400000| Untracked 
|  66|0x000000074d600000, 0x000000074d600000, 0x000000074d800000|  0%| F|  |TAMS 0x000000074d600000, 0x000000074d600000| Untracked 
|  67|0x000000074d800000, 0x000000074d800000, 0x000000074da00000|  0%| F|  |TAMS 0x000000074d800000, 0x000000074d800000| Untracked 
|  68|0x000000074da00000, 0x000000074da00000, 0x000000074dc00000|  0%| F|  |TAMS 0x000000074da00000, 0x000000074da00000| Untracked 
|  69|0x000000074dc00000, 0x000000074dc00000, 0x000000074de00000|  0%| F|  |TAMS 0x000000074dc00000, 0x000000074dc00000| Untracked 
|  70|0x000000074de00000, 0x000000074de00000, 0x000000074e000000|  0%| F|  |TAMS 0x000000074de00000, 0x000000074de00000| Untracked 
|  71|0x000000074e000000, 0x000000074e000000, 0x000000074e200000|  0%| F|  |TAMS 0x000000074e000000, 0x000000074e000000| Untracked 
|  72|0x000000074e200000, 0x000000074e200000, 0x000000074e400000|  0%| F|  |TAMS 0x000000074e200000, 0x000000074e200000| Untracked 
|  73|0x000000074e400000, 0x000000074e400000, 0x000000074e600000|  0%| F|  |TAMS 0x000000074e400000, 0x000000074e400000| Untracked 
|  74|0x000000074e600000, 0x000000074e600000, 0x000000074e800000|  0%| F|  |TAMS 0x000000074e600000, 0x000000074e600000| Untracked 
|  75|0x000000074e800000, 0x000000074e800000, 0x000000074ea00000|  0%| F|  |TAMS 0x000000074e800000, 0x000000074e800000| Untracked 
|  76|0x000000074ea00000, 0x000000074ea00000, 0x000000074ec00000|  0%| F|  |TAMS 0x000000074ea00000, 0x000000074ea00000| Untracked 
|  77|0x000000074ec00000, 0x000000074ec00000, 0x000000074ee00000|  0%| F|  |TAMS 0x000000074ec00000, 0x000000074ec00000| Untracked 
|  78|0x000000074ee00000, 0x000000074ee00000, 0x000000074f000000|  0%| F|  |TAMS 0x000000074ee00000, 0x000000074ee00000| Untracked 
|  79|0x000000074f000000, 0x000000074f000000, 0x000000074f200000|  0%| F|  |TAMS 0x000000074f000000, 0x000000074f000000| Untracked 
|  80|0x000000074f200000, 0x000000074f200000, 0x000000074f400000|  0%| F|  |TAMS 0x000000074f200000, 0x000000074f200000| Untracked 
|  81|0x000000074f400000, 0x000000074f400000, 0x000000074f600000|  0%| F|  |TAMS 0x000000074f400000, 0x000000074f400000| Untracked 
|  82|0x000000074f600000, 0x000000074f600000, 0x000000074f800000|  0%| F|  |TAMS 0x000000074f600000, 0x000000074f600000| Untracked 
|  83|0x000000074f800000, 0x000000074f800000, 0x000000074fa00000|  0%| F|  |TAMS 0x000000074f800000, 0x000000074f800000| Untracked 
|  84|0x000000074fa00000, 0x000000074fa00000, 0x000000074fc00000|  0%| F|  |TAMS 0x000000074fa00000, 0x000000074fa00000| Untracked 
|  85|0x000000074fc00000, 0x000000074fc00000, 0x000000074fe00000|  0%| F|  |TAMS 0x000000074fc00000, 0x000000074fc00000| Untracked 
|  86|0x000000074fe00000, 0x000000074fe00000, 0x0000000750000000|  0%| F|  |TAMS 0x000000074fe00000, 0x000000074fe00000| Untracked 
|  87|0x0000000750000000, 0x0000000750000000, 0x0000000750200000|  0%| F|  |TAMS 0x0000000750000000, 0x0000000750000000| Untracked 
|  88|0x0000000750200000, 0x0000000750200000, 0x0000000750400000|  0%| F|  |TAMS 0x0000000750200000, 0x0000000750200000| Untracked 
|  89|0x0000000750400000, 0x00000007504e1ca0, 0x0000000750600000| 44%| E|  |TAMS 0x0000000750400000, 0x0000000750400000| Complete 
|  90|0x0000000750600000, 0x0000000750800000, 0x0000000750800000|100%| E|CS|TAMS 0x0000000750600000, 0x0000000750600000| Complete 
|  91|0x0000000750800000, 0x0000000750a00000, 0x0000000750a00000|100%| E|CS|TAMS 0x0000000750800000, 0x0000000750800000| Complete 
|  92|0x0000000750a00000, 0x0000000750c00000, 0x0000000750c00000|100%| E|CS|TAMS 0x0000000750a00000, 0x0000000750a00000| Complete 
|  93|0x0000000750c00000, 0x0000000750e00000, 0x0000000750e00000|100%| E|CS|TAMS 0x0000000750c00000, 0x0000000750c00000| Complete 
|1493|0x00000007ffc00000, 0x00000007ffd77000, 0x00000007ffe00000| 73%|OA|  |TAMS 0x00000007ffc00000, 0x00000007ffc00000| Untracked 
|1494|0x00000007ffe00000, 0x00000007ffe84000, 0x0000000800000000| 25%|CA|  |TAMS 0x00000007ffe00000, 0x00000007ffe00000| Untracked 

Card table byte_map: [0x00007fccc413f000,0x00007fccc4716000] _byte_map_base: 0x00007fccc0716000

Marking Bits (Prev, Next): (CMBitMap*) 0x00007fccdc07e8d0, (CMBitMap*) 0x00007fccdc07e910
 Prev Bits: [0x00007fccc0cb0000, 0x00007fccc3b68000)
 Next Bits: [0x00007fccbddf8000, 0x00007fccc0cb0000)

Polling page: 0x00007fcce1808000

Metaspace:

Usage:
  Non-class:      1.50 MB used.
      Class:    122.89 KB used.
       Both:      1.62 MB used.

Virtual space:
  Non-class space:       64.00 MB reserved,       1.56 MB (  2%) committed,  1 nodes.
      Class space:        1.00 GB reserved,     192.00 KB ( <1%) committed,  1 nodes.
             Both:        1.06 GB reserved,       1.75 MB ( <1%) committed. 

Chunk freelists:
   Non-Class:  11.94 MB
       Class:  15.73 MB
        Both:  27.66 MB

MaxMetaspaceSize: unlimited
CompressedClassSpaceSize: 1.00 GB
Initial GC threshold: 21.00 MB
Current GC threshold: 21.00 MB
CDS: on
MetaspaceReclaimPolicy: balanced
 - commit_granule_bytes: 65536.
 - commit_granule_words: 8192.
 - virtual_space_node_default_size: 8388608.
 - enlarge_chunks_in_place: 1.
 - new_chunks_are_fully_committed: 0.
 - uncommit_free_chunks: 1.
 - use_allocation_guard: 0.
 - handle_deallocations: 1.


Internal statistics:

num_allocs_failed_limit: 0.
num_arena_births: 36.
num_arena_deaths: 0.
num_vsnodes_births: 2.
num_vsnodes_deaths: 0.
num_space_committed: 28.
num_space_uncommitted: 0.
num_chunks_returned_to_freelist: 0.
num_chunks_taken_from_freelist: 43.
num_chunk_merges: 0.
num_chunk_splits: 28.
num_chunks_enlarged: 18.
num_purges: 0.
num_inconsistent_stats: 0.

CodeHeap 'non-profiled nmethods': size=120028Kb used=175Kb max_used=175Kb free=119853Kb
 bounds [0x00007fcccd194000, 0x00007fcccd404000, 0x00007fccd46cb000]
CodeHeap 'profiled nmethods': size=120028Kb used=1199Kb max_used=1199Kb free=118828Kb
 bounds [0x00007fccc56cb000, 0x00007fccc593b000, 0x00007fccccc02000]
CodeHeap 'non-nmethods': size=5704Kb used=1127Kb max_used=1143Kb free=4576Kb
 bounds [0x00007fccccc02000, 0x00007fcccce72000, 0x00007fcccd194000]
 total_blobs=1163 nmethods=750 adapters=327
 compilation: enabled
              stopped_count=0, restarted_count=0
 full_count=0

Compilation events (20 events):
Event: 0.228 Thread 0x00007fccdc157d80 nmethod 744 0x00007fccc57f0210 code [0x00007fccc57f03c0, 0x00007fccc57f05d0]
Event: 0.228 Thread 0x00007fccdc157d80  745       2       java.nio.HeapCharBuffer::<init> (23 bytes)
Event: 0.228 Thread 0x00007fccdc157d80 nmethod 745 0x00007fccc57f0710 code [0x00007fccc57f08c0, 0x00007fccc57f0a20]
Event: 0.228 Thread 0x00007fccdc157d80  746       2       java.nio.CharBuffer::<init> (24 bytes)
Event: 0.228 Thread 0x00007fccdc157d80 nmethod 746 0x00007fccc57f0b10 code [0x00007fccc57f0cc0, 0x00007fccc57f0e60]
Event: 0.228 Thread 0x00007fccdc157d80  747       2       java.nio.CharBuffer::limit (6 bytes)
Event: 0.228 Thread 0x00007fccdc157d80 nmethod 747 0x00007fccc57f0f10 code [0x00007fccc57f10c0, 0x00007fccc57f11e0]
Event: 0.228 Thread 0x00007fccdc157d80  748       2       java.nio.CharBuffer::limit (8 bytes)
Event: 0.228 Thread 0x00007fccdc157d80 nmethod 748 0x00007fccc57f1290 code [0x00007fccc57f1440, 0x00007fccc57f1560]
Event: 0.228 Thread 0x00007fccdc157d80  749       2       java.nio.Buffer::hasRemaining (17 bytes)
Event: 0.229 Thread 0x00007fccdc157d80 nmethod 749 0x00007fccc57f1610 code [0x00007fccc57f17a0, 0x00007fccc57f18b0]
Event: 0.229 Thread 0x00007fccdc157d80  750       2       java.util.logging.LogRecord$$Lambda$24/0x00007fcc60057748::accept (12 bytes)
Event: 0.230 Thread 0x00007fccdc157d80 nmethod 750 0x00007fccc57f1910 code [0x00007fccc57f1ae0, 0x00007fccc57f1e90]
Event: 0.243 Thread 0x00007fccdc157d80  754       2       java.nio.CharBuffer::hasArray (20 bytes)
Event: 0.243 Thread 0x00007fccdc157d80 nmethod 754 0x00007fccc57f2110 code [0x00007fccc57f22a0, 0x00007fccc57f23d0]
Event: 0.243 Thread 0x00007fccdc157d80  761   !   2       ch.abacus.test.Reproducer::test (40 bytes)
Event: 0.244 Thread 0x00007fccdc157d80 nmethod 761 0x00007fccc57f2490 code [0x00007fccc57f26a0, 0x00007fccc57f2c80]
Event: 0.244 Thread 0x00007fccdc157d80  762       2       ch.abacus.test.Reproducer::currentAParams (10 bytes)
Event: 0.244 Thread 0x00007fccdc157d80 nmethod 762 0x00007fccc57f3090 code [0x00007fccc57f3240, 0x00007fccc57f3400]
Event: 0.244 Thread 0x00007fccdc157d80  763       2       ch.abacus.test.Reproducer$ASession::currentSession (7 bytes)

GC Heap History (0 events):
No events

Deoptimization events (4 events):
Event: 0.059 Thread 0x00007fccdc0259b0 Uncommon trap: trap_request=0xfffffff4 fr.pc=0x00007fcccd19ea48 relative=0x00000000000001a8
Event: 0.059 Thread 0x00007fccdc0259b0 Uncommon trap: reason=null_check action=make_not_entrant pc=0x00007fcccd19ea48 method=java.lang.String.equals(Ljava/lang/Object;)Z @ 8 c2
Event: 0.059 Thread 0x00007fccdc0259b0 DEOPT PACKING pc=0x00007fcccd19ea48 sp=0x00007fcce0221230
Event: 0.059 Thread 0x00007fccdc0259b0 DEOPT UNPACKING pc=0x00007fccccc54099 sp=0x00007fcce02211f8 mode 2

Classes unloaded (0 events):
No events

Classes redefined (0 events):
No events

Internal exceptions (20 events):
Event: 0.241 Thread 0x00007fccdc0259b0 Exception <a 'java/lang/NullPointerException'{0x00000007504a3038}> (0x00000007504a3038) 
thrown [open/src/hotspot/share/interpreter/linkResolver.cpp, line 1350]
Event: 0.241 Thread 0x00007fccdc0259b0 Exception <a 'java/lang/NullPointerException'{0x00000007504a4c80}> (0x00000007504a4c80) 
thrown [open/src/hotspot/share/interpreter/linkResolver.cpp, line 1350]
Event: 0.241 Thread 0x00007fccdc0259b0 Exception <a 'java/lang/NullPointerException'{0x00000007504a68c8}> (0x00000007504a68c8) 
thrown [open/src/hotspot/share/interpreter/linkResolver.cpp, line 1350]
Event: 0.241 Thread 0x00007fccdc0259b0 Exception <a 'java/lang/NullPointerException'{0x00000007504a8510}> (0x00000007504a8510) 
thrown [open/src/hotspot/share/interpreter/linkResolver.cpp, line 1350]
Event: 0.241 Thread 0x00007fccdc0259b0 Exception <a 'java/lang/NullPointerException'{0x00000007504aa158}> (0x00000007504aa158) 
thrown [open/src/hotspot/share/interpreter/linkResolver.cpp, line 1350]
Event: 0.241 Thread 0x00007fccdc0259b0 Exception <a 'java/lang/NullPointerException'{0x00000007504abda0}> (0x00000007504abda0) 
thrown [open/src/hotspot/share/interpreter/linkResolver.cpp, line 1350]
Event: 0.242 Thread 0x00007fccdc0259b0 Exception <a 'java/lang/NullPointerException'{0x00000007504ad9e8}> (0x00000007504ad9e8) 
thrown [open/src/hotspot/share/interpreter/linkResolver.cpp, line 1350]
Event: 0.242 Thread 0x00007fccdc0259b0 Exception <a 'java/lang/NullPointerException'{0x00000007504af630}> (0x00000007504af630) 
thrown [open/src/hotspot/share/interpreter/linkResolver.cpp, line 1350]
Event: 0.242 Thread 0x00007fccdc0259b0 Exception <a 'java/lang/NullPointerException'{0x00000007504b1278}> (0x00000007504b1278) 
thrown [open/src/hotspot/share/interpreter/linkResolver.cpp, line 1350]
Event: 0.242 Thread 0x00007fccdc0259b0 Exception <a 'java/lang/NullPointerException'{0x00000007504b2ec0}> (0x00000007504b2ec0) 
thrown [open/src/hotspot/share/interpreter/linkResolver.cpp, line 1350]
Event: 0.242 Thread 0x00007fccdc0259b0 Exception <a 'java/lang/NullPointerException'{0x00000007504b4b08}> (0x00000007504b4b08) 
thrown [open/src/hotspot/share/interpreter/linkResolver.cpp, line 1350]
Event: 0.243 Thread 0x00007fccdc0259b0 Exception <a 'java/lang/NullPointerException'{0x00000007504b6750}> (0x00000007504b6750) 
thrown [open/src/hotspot/share/interpreter/linkResolver.cpp, line 1350]
Event: 0.243 Thread 0x00007fccdc0259b0 Exception <a 'java/lang/NullPointerException'{0x00000007504b8398}> (0x00000007504b8398) 
thrown [open/src/hotspot/share/interpreter/linkResolver.cpp, line 1350]
Event: 0.243 Thread 0x00007fccdc0259b0 Exception <a 'java/lang/NullPointerException'{0x00000007504b9fe0}> (0x00000007504b9fe0) 
thrown [open/src/hotspot/share/interpreter/linkResolver.cpp, line 1350]
Event: 0.243 Thread 0x00007fccdc0259b0 Exception <a 'java/lang/NullPointerException'{0x00000007504bbc28}> (0x00000007504bbc28) 
thrown [open/src/hotspot/share/interpreter/linkResolver.cpp, line 1350]
Event: 0.243 Thread 0x00007fccdc0259b0 Exception <a 'java/lang/NullPointerException'{0x00000007504bd870}> (0x00000007504bd870) 
thrown [open/src/hotspot/share/interpreter/linkResolver.cpp, line 1350]
Event: 0.243 Thread 0x00007fccdc0259b0 Exception <a 'java/lang/NullPointerException'{0x00000007504bf4b8}> (0x00000007504bf4b8) 
thrown [open/src/hotspot/share/interpreter/linkResolver.cpp, line 1350]
Event: 0.244 Thread 0x00007fccdc0259b0 Exception <a 'java/lang/NullPointerException'{0x00000007504c1100}> (0x00000007504c1100) 
thrown [open/src/hotspot/share/interpreter/linkResolver.cpp, line 1350]
Event: 0.244 Thread 0x00007fccdc0259b0 Exception <a 'java/lang/NullPointerException'{0x00000007504c2d48}> (0x00000007504c2d48) 
thrown [open/src/hotspot/share/interpreter/linkResolver.cpp, line 1350]
Event: 0.244 Thread 0x00007fccdc0259b0 Implicit null exception at 0x00007fccc57f29d7 to 0x0000000000000000

VM Operations (4 events):
Event: 0.044 Executing VM operation: HandshakeAllThreads
Event: 0.044 Executing VM operation: HandshakeAllThreads done
Event: 0.064 Executing VM operation: HandshakeAllThreads
Event: 0.064 Executing VM operation: HandshakeAllThreads done

Events (20 events):
Event: 0.105 loading class sun/util/logging/resources/logging_en
Event: 0.105 loading class sun/util/logging/resources/logging_en done
Event: 0.107 loading class sun/util/logging/resources/logging_en_US
Event: 0.107 loading class sun/util/logging/resources/logging_en_US done
Event: 0.107 loading class sun/util/logging/resources/logging_en_US
Event: 0.107 loading class sun/util/logging/resources/logging_en_US done
Event: 0.109 loading class java/util/Formatter$DateTime
Event: 0.109 loading class java/util/Formatter$DateTime done
Event: 0.109 loading class java/util/Formatter$FixedString
Event: 0.109 loading class java/util/Formatter$FixedString done
Event: 0.109 loading class java/time/ZonedDateTime$1
Event: 0.109 loading class java/time/ZonedDateTime$1 done
Event: 0.110 loading class jdk/internal/module/ModulePatcher$PatchedModuleReader
Event: 0.110 loading class jdk/internal/module/ModulePatcher$PatchedModuleReader done
Event: 0.110 loading class sun/net/www/protocol/jrt/Handler
Event: 0.110 loading class sun/net/www/protocol/jrt/Handler done
Event: 0.113 loading class sun/text/resources/cldr/FormatData_en
Event: 0.114 loading class sun/text/resources/cldr/FormatData_en done
Event: 0.114 loading class sun/text/resources/cldr/FormatData_en_US
Event: 0.114 loading class sun/text/resources/cldr/FormatData_en_US done


Dynamic libraries:
745200000-750e00000 rw-p 00000000 00:00 0 
750e00000-7ffc00000 ---p 00000000 00:00 0 
7ffc00000-7ffd00000 rw-p 00000000 00:00 0 
7ffd00000-7ffd77000 rw-p 00caa000 08:02 2626267                          /home/administrator/Downloads/jdk-17.0.8/lib/server/classes.jsa
7ffd77000-7ffe00000 rw-p 00000000 00:00 0 
7ffe00000-7ffe84000 rw-p 00c26000 08:02 2626267                          /home/administrator/Downloads/jdk-17.0.8/lib/server/classes.jsa
7ffe84000-800000000 rw-p 00000000 00:00 0 
55df6fae1000-55df6fae2000 r-xp 00000000 08:02 2625757                    /home/administrator/Downloads/jdk-17.0.8/bin/java
55df6fae3000-55df6fae4000 r--p 00001000 08:02 2625757                    /home/administrator/Downloads/jdk-17.0.8/bin/java
55df6fae4000-55df6fae5000 rw-p 00002000 08:02 2625757                    /home/administrator/Downloads/jdk-17.0.8/bin/java
55df70bce000-55df70bef000 rw-p 00000000 00:00 0                          [heap]
7fcc28000000-7fcc28021000 rw-p 00000000 00:00 0 
7fcc28021000-7fcc2c000000 ---p 00000000 00:00 0 
7fcc2c000000-7fcc2c021000 rw-p 00000000 00:00 0 
7fcc2c021000-7fcc30000000 ---p 00000000 00:00 0 
7fcc30000000-7fcc30021000 rw-p 00000000 00:00 0 
7fcc30021000-7fcc34000000 ---p 00000000 00:00 0 
7fcc34000000-7fcc34021000 rw-p 00000000 00:00 0 
7fcc34021000-7fcc38000000 ---p 00000000 00:00 0 
7fcc38000000-7fcc384a9000 rw-p 00000000 00:00 0 
7fcc384a9000-7fcc3c000000 ---p 00000000 00:00 0 
7fcc3c000000-7fcc3c021000 rw-p 00000000 00:00 0 
7fcc3c021000-7fcc40000000 ---p 00000000 00:00 0 
7fcc40000000-7fcc40021000 rw-p 00000000 00:00 0 
7fcc40021000-7fcc44000000 ---p 00000000 00:00 0 
7fcc44000000-7fcc447f4000 rw-p 00000000 00:00 0 
7fcc447f4000-7fcc48000000 ---p 00000000 00:00 0 
7fcc48000000-7fcc48021000 rw-p 00000000 00:00 0 
7fcc48021000-7fcc4c000000 ---p 00000000 00:00 0 
7fcc4c000000-7fcc4c021000 rw-p 00000000 00:00 0 
7fcc4c021000-7fcc50000000 ---p 00000000 00:00 0 
7fcc50000000-7fcc50021000 rw-p 00000000 00:00 0 
7fcc50021000-7fcc54000000 ---p 00000000 00:00 0 
7fcc54000000-7fcc54021000 rw-p 00000000 00:00 0 
7fcc54021000-7fcc58000000 ---p 00000000 00:00 0 
7fcc58000000-7fcc58021000 rw-p 00000000 00:00 0 
7fcc58021000-7fcc5c000000 ---p 00000000 00:00 0 
7fcc5f000000-7fcc5fbed000 rw-p 00001000 08:02 2626267                    /home/administrator/Downloads/jdk-17.0.8/lib/server/classes.jsa
7fcc5fbed000-7fcc60000000 ---p 00000000 00:00 0 
7fcc60000000-7fcc60010000 rw-p 00000000 00:00 0 
7fcc60010000-7fcc60040000 ---p 00000000 00:00 0 
7fcc60040000-7fcc60060000 rw-p 00000000 00:00 0 
7fcc60060000-7fcca0000000 ---p 00000000 00:00 0 
7fcca0000000-7fcca0021000 rw-p 00000000 00:00 0 
7fcca0021000-7fcca4000000 ---p 00000000 00:00 0 
7fcca4000000-7fcca4180000 rw-p 00000000 00:00 0 
7fcca4180000-7fcca4400000 ---p 00000000 00:00 0 
7fcca4400000-7fcca4410000 rw-p 00000000 00:00 0 
7fcca4410000-7fcca8000000 ---p 00000000 00:00 0 
7fcca8000000-7fcca8021000 rw-p 00000000 00:00 0 
7fcca8021000-7fccac000000 ---p 00000000 00:00 0 
7fccadb0c000-7fccadefe000 rw-p 00000000 00:00 0 
7fccadefe000-7fccadeff000 ---p 00000000 00:00 0 
7fccadeff000-7fccb0000000 rw-p 00000000 00:00 0 
7fccb0000000-7fccb0021000 rw-p 00000000 00:00 0 
7fccb0021000-7fccb4000000 ---p 00000000 00:00 0 
7fccb4000000-7fccb4021000 rw-p 00000000 00:00 0 
7fccb4021000-7fccb8000000 ---p 00000000 00:00 0 
7fccb8000000-7fccb8021000 rw-p 00000000 00:00 0 
7fccb8021000-7fccbc000000 ---p 00000000 00:00 0 
7fccbc00e000-7fccbc012000 ---p 00000000 00:00 0 
7fccbc012000-7fccbc10e000 rw-p 00000000 00:00 0 
7fccbc10e000-7fccbc112000 ---p 00000000 00:00 0 
7fccbc112000-7fccbc20e000 rw-p 00000000 00:00 0 
7fccbc20e000-7fccbc212000 ---p 00000000 00:00 0 
7fccbc212000-7fccbc30e000 rw-p 00000000 00:00 0 
7fccbc30e000-7fccbc312000 ---p 00000000 00:00 0 
7fccbc312000-7fccbc40e000 rw-p 00000000 00:00 0 
7fccbc40e000-7fccbc412000 ---p 00000000 00:00 0 
7fccbc412000-7fccbc50e000 rw-p 00000000 00:00 0 
7fccbc50e000-7fccbc512000 ---p 00000000 00:00 0 
7fccbc512000-7fccbc60e000 rw-p 00000000 00:00 0 
7fccbc60e000-7fccbc612000 ---p 00000000 00:00 0 
7fccbc612000-7fccbc70e000 rw-p 00000000 00:00 0 
7fccbc70e000-7fccbc712000 ---p 00000000 00:00 0 
7fccbc712000-7fccbc80e000 rw-p 00000000 00:00 0 
7fccbc80e000-7fccbc812000 ---p 00000000 00:00 0 
7fccbc812000-7fccbc90e000 rw-p 00000000 00:00 0 
7fccbc90e000-7fccbcbf7000 r--p 00000000 08:02 5909429                    /usr/lib/locale/locale-archive
7fccbcbf7000-7fccbcbfb000 ---p 00000000 00:00 0 
7fccbcbfb000-7fccbccf7000 rw-p 00000000 00:00 0 
7fccbccf7000-7fccbccfb000 ---p 00000000 00:00 0 
7fccbccfb000-7fccbcdf7000 rw-p 00000000 00:00 0 
7fccbcdf7000-7fccbcdf8000 ---p 00000000 00:00 0 
7fccbcdf8000-7fccbcef9000 rw-p 00000000 00:00 0 
7fccbcef9000-7fccbcfc7000 r-xp 00000000 08:02 2626242                    /home/administrator/Downloads/jdk-17.0.8/lib/libjsvml.so
7fccbcfc7000-7fccbcfc8000 r--p 000cd000 08:02 2626242                    /home/administrator/Downloads/jdk-17.0.8/lib/libjsvml.so
7fccbcfc8000-7fccbcfc9000 rw-p 000ce000 08:02 2626242                    /home/administrator/Downloads/jdk-17.0.8/lib/libjsvml.so
7fccbcfc9000-7fccbd0e6000 rw-p 00000000 00:00 0 
7fccbd0e6000-7fccbd0e7000 ---p 00000000 00:00 0 
7fccbd0e7000-7fccbd1e8000 rw-p 00000000 00:00 0 
7fccbd1e8000-7fccbd1e9000 ---p 00000000 00:00 0 
7fccbd1e9000-7fccbdaf2000 rw-p 00000000 00:00 0 
7fccbdaf2000-7fccbdaf3000 ---p 00000000 00:00 0 
7fccbdaf3000-7fccbdbf4000 rw-p 00000000 00:00 0 
7fccbdbf4000-7fccbdbf5000 ---p 00000000 00:00 0 
7fccbdbf5000-7fccbdcf6000 rw-p 00000000 00:00 0 
7fccbdcf6000-7fccbdcf7000 ---p 00000000 00:00 0 
7fccbdcf7000-7fccbe0e8000 rw-p 00000000 00:00 0 
7fccbe0e8000-7fccc0ca0000 ---p 00000000 00:00 0 
7fccc0ca0000-7fccc0fa0000 rw-p 00000000 00:00 0 
7fccc0fa0000-7fccc3b58000 ---p 00000000 00:00 0 
7fccc3b58000-7fccc3bc6000 rw-p 00000000 00:00 0 
7fccc3bc6000-7fccc413d000 ---p 00000000 00:00 0 
7fccc413d000-7fccc419d000 rw-p 00000000 00:00 0 
7fccc419d000-7fccc4714000 ---p 00000000 00:00 0 
7fccc4714000-7fccc4774000 rw-p 00000000 00:00 0 
7fccc4774000-7fccc4ceb000 ---p 00000000 00:00 0 
7fccc4ceb000-7fccc54fa000 rw-p 00000000 00:00 0 
7fccc54fa000-7fccc55e0000 ---p 00000000 00:00 0 
7fccc55e0000-7fccc55e5000 rw-p 00000000 00:00 0 
7fccc55e5000-7fccc56cb000 ---p 00000000 00:00 0 
7fccc56cb000-7fccc593b000 rwxp 00000000 00:00 0 
7fccc593b000-7fccccc02000 ---p 00000000 00:00 0 
7fccccc02000-7fcccce72000 rwxp 00000000 00:00 0 
7fcccce72000-7fcccd194000 ---p 00000000 00:00 0 
7fcccd194000-7fcccd404000 rwxp 00000000 00:00 0 
7fcccd404000-7fccd46cb000 ---p 00000000 00:00 0 
7fccd46cb000-7fccdc000000 r--s 00000000 08:02 2626258                    /home/administrator/Downloads/jdk-17.0.8/lib/modules
7fccdc000000-7fccdc2a0000 rw-p 00000000 00:00 0 
7fccdc2a0000-7fcce0000000 ---p 00000000 00:00 0 
7fcce0026000-7fcce002d000 r--s 00000000 08:02 5930285                    /usr/lib/x86_64-linux-gnu/gconv/gconv-modules.cache
7fcce002d000-7fcce002f000 r-xp 00000000 08:02 2626227                    /home/administrator/Downloads/jdk-17.0.8/lib/libextnet.so
7fcce002f000-7fcce0030000 r--p 00001000 08:02 2626227                    /home/administrator/Downloads/jdk-17.0.8/lib/libextnet.so
7fcce0030000-7fcce0031000 rw-p 00002000 08:02 2626227                    /home/administrator/Downloads/jdk-17.0.8/lib/libextnet.so
7fcce0031000-7fcce0046000 r-xp 00000000 08:02 2626248                    /home/administrator/Downloads/jdk-17.0.8/lib/libnet.so
7fcce0046000-7fcce0047000 ---p 00015000 08:02 2626248                    /home/administrator/Downloads/jdk-17.0.8/lib/libnet.so
7fcce0047000-7fcce0048000 r--p 00015000 08:02 2626248                    /home/administrator/Downloads/jdk-17.0.8/lib/libnet.so
7fcce0048000-7fcce0049000 rw-p 00016000 08:02 2626248                    /home/administrator/Downloads/jdk-17.0.8/lib/libnet.so
7fcce0049000-7fcce005c000 r-xp 00000000 08:02 2626249                    /home/administrator/Downloads/jdk-17.0.8/lib/libnio.so
7fcce005c000-7fcce005d000 r--p 00012000 08:02 2626249                    /home/administrator/Downloads/jdk-17.0.8/lib/libnio.so
7fcce005d000-7fcce005e000 rw-p 00013000 08:02 2626249                    /home/administrator/Downloads/jdk-17.0.8/lib/libnio.so
7fcce005e000-7fcce0065000 r-xp 00000000 08:02 2626257                    /home/administrator/Downloads/jdk-17.0.8/lib/libzip.so
7fcce0065000-7fcce0066000 ---p 00007000 08:02 2626257                    /home/administrator/Downloads/jdk-17.0.8/lib/libzip.so
7fcce0066000-7fcce0067000 r--p 00007000 08:02 2626257                    /home/administrator/Downloads/jdk-17.0.8/lib/libzip.so
7fcce0067000-7fcce0068000 rw-p 00008000 08:02 2626257                    /home/administrator/Downloads/jdk-17.0.8/lib/libzip.so
7fcce0068000-7fcce00ce000 rw-p 00000000 00:00 0 
7fcce00ce000-7fcce00d5000 ---p 00000000 00:00 0 
7fcce00d5000-7fcce00dd000 rw-s 00000000 08:02 4194425                    /tmp/hsperfdata_root/113346
7fcce00dd000-7fcce0101000 r-xp 00000000 08:02 2626234                    /home/administrator/Downloads/jdk-17.0.8/lib/libjava.so
7fcce0101000-7fcce0102000 ---p 00024000 08:02 2626234                    /home/administrator/Downloads/jdk-17.0.8/lib/libjava.so
7fcce0102000-7fcce0103000 r--p 00024000 08:02 2626234                    /home/administrator/Downloads/jdk-17.0.8/lib/libjava.so
7fcce0103000-7fcce0104000 rw-p 00025000 08:02 2626234                    /home/administrator/Downloads/jdk-17.0.8/lib/libjava.so
7fcce0104000-7fcce0105000 rw-p 00000000 00:00 0 
7fcce0105000-7fcce0120000 r-xp 00000000 08:02 2626238                    /home/administrator/Downloads/jdk-17.0.8/lib/libjimage.so
7fcce0120000-7fcce0121000 ---p 0001b000 08:02 2626238                    /home/administrator/Downloads/jdk-17.0.8/lib/libjimage.so
7fcce0121000-7fcce0123000 r--p 0001b000 08:02 2626238                    /home/administrator/Downloads/jdk-17.0.8/lib/libjimage.so
7fcce0123000-7fcce0124000 rw-p 0001d000 08:02 2626238                    /home/administrator/Downloads/jdk-17.0.8/lib/libjimage.so
7fcce0124000-7fcce0128000 ---p 00000000 00:00 0 
7fcce0128000-7fcce0224000 rw-p 00000000 00:00 0 
7fcce0224000-7fcce0232000 r--p 00000000 08:02 5921566                    /usr/lib/x86_64-linux-gnu/libm.so.6
7fcce0232000-7fcce02ae000 r-xp 0000e000 08:02 5921566                    /usr/lib/x86_64-linux-gnu/libm.so.6
7fcce02ae000-7fcce0309000 r--p 0008a000 08:02 5921566                    /usr/lib/x86_64-linux-gnu/libm.so.6
7fcce0309000-7fcce030a000 r--p 000e4000 08:02 5921566                    /usr/lib/x86_64-linux-gnu/libm.so.6
7fcce030a000-7fcce030b000 rw-p 000e5000 08:02 5921566                    /usr/lib/x86_64-linux-gnu/libm.so.6
7fcce030b000-7fcce030c000 r--p 00000000 08:02 5921577                    /usr/lib/x86_64-linux-gnu/librt.so.1
7fcce030c000-7fcce030d000 r-xp 00001000 08:02 5921577                    /usr/lib/x86_64-linux-gnu/librt.so.1
7fcce030d000-7fcce030e000 r--p 00002000 08:02 5921577                    /usr/lib/x86_64-linux-gnu/librt.so.1
7fcce030e000-7fcce030f000 r--p 00002000 08:02 5921577                    /usr/lib/x86_64-linux-gnu/librt.so.1
7fcce030f000-7fcce0310000 rw-p 00003000 08:02 5921577                    /usr/lib/x86_64-linux-gnu/librt.so.1
7fcce0310000-7fcce1453000 r-xp 00000000 08:02 2626270                    /home/administrator/Downloads/jdk-17.0.8/lib/server/libjvm.so
7fcce1453000-7fcce1454000 ---p 01143000 08:02 2626270                    /home/administrator/Downloads/jdk-17.0.8/lib/server/libjvm.so
7fcce1454000-7fcce1509000 r--p 01143000 08:02 2626270                    /home/administrator/Downloads/jdk-17.0.8/lib/server/libjvm.so
7fcce1509000-7fcce153c000 rw-p 011f8000 08:02 2626270                    /home/administrator/Downloads/jdk-17.0.8/lib/server/libjvm.so
7fcce153c000-7fcce1599000 rw-p 00000000 00:00 0 
7fcce1599000-7fcce15c1000 r--p 00000000 08:02 5921563                    /usr/lib/x86_64-linux-gnu/libc.so.6
7fcce15c1000-7fcce1756000 r-xp 00028000 08:02 5921563                    /usr/lib/x86_64-linux-gnu/libc.so.6
7fcce1756000-7fcce17ae000 r--p 001bd000 08:02 5921563                    /usr/lib/x86_64-linux-gnu/libc.so.6
7fcce17ae000-7fcce17b2000 r--p 00214000 08:02 5921563                    /usr/lib/x86_64-linux-gnu/libc.so.6
7fcce17b2000-7fcce17b4000 rw-p 00218000 08:02 5921563                    /usr/lib/x86_64-linux-gnu/libc.so.6
7fcce17b4000-7fcce17c3000 rw-p 00000000 00:00 0 
7fcce17c3000-7fcce17c4000 r--p 00000000 08:02 5921565                    /usr/lib/x86_64-linux-gnu/libdl.so.2
7fcce17c4000-7fcce17c5000 r-xp 00001000 08:02 5921565                    /usr/lib/x86_64-linux-gnu/libdl.so.2
7fcce17c5000-7fcce17c6000 r--p 00002000 08:02 5921565                    /usr/lib/x86_64-linux-gnu/libdl.so.2
7fcce17c6000-7fcce17c7000 r--p 00002000 08:02 5921565                    /usr/lib/x86_64-linux-gnu/libdl.so.2
7fcce17c7000-7fcce17c8000 rw-p 00003000 08:02 5921565                    /usr/lib/x86_64-linux-gnu/libdl.so.2
7fcce17c8000-7fcce17c9000 r--p 00000000 08:02 5921575                    /usr/lib/x86_64-linux-gnu/libpthread.so.0
7fcce17c9000-7fcce17ca000 r-xp 00001000 08:02 5921575                    /usr/lib/x86_64-linux-gnu/libpthread.so.0
7fcce17ca000-7fcce17cb000 r--p 00002000 08:02 5921575                    /usr/lib/x86_64-linux-gnu/libpthread.so.0
7fcce17cb000-7fcce17cc000 r--p 00002000 08:02 5921575                    /usr/lib/x86_64-linux-gnu/libpthread.so.0
7fcce17cc000-7fcce17cd000 rw-p 00003000 08:02 5921575                    /usr/lib/x86_64-linux-gnu/libpthread.so.0
7fcce17cd000-7fcce17db000 r-xp 00000000 08:02 2626239                    /home/administrator/Downloads/jdk-17.0.8/lib/libjli.so
7fcce17db000-7fcce17dc000 ---p 0000e000 08:02 2626239                    /home/administrator/Downloads/jdk-17.0.8/lib/libjli.so
7fcce17dc000-7fcce17dd000 r--p 0000e000 08:02 2626239                    /home/administrator/Downloads/jdk-17.0.8/lib/libjli.so
7fcce17dd000-7fcce17de000 rw-p 0000f000 08:02 2626239                    /home/administrator/Downloads/jdk-17.0.8/lib/libjli.so
7fcce17de000-7fcce17e0000 r--p 00000000 08:02 5909538                    /usr/lib/x86_64-linux-gnu/libz.so.1.2.11
7fcce17e0000-7fcce17f1000 r-xp 00002000 08:02 5909538                    /usr/lib/x86_64-linux-gnu/libz.so.1.2.11
7fcce17f1000-7fcce17f7000 r--p 00013000 08:02 5909538                    /usr/lib/x86_64-linux-gnu/libz.so.1.2.11
7fcce17f7000-7fcce17f8000 ---p 00019000 08:02 5909538                    /usr/lib/x86_64-linux-gnu/libz.so.1.2.11
7fcce17f8000-7fcce17f9000 r--p 00019000 08:02 5909538                    /usr/lib/x86_64-linux-gnu/libz.so.1.2.11
7fcce17f9000-7fcce17fa000 rw-p 0001a000 08:02 5909538                    /usr/lib/x86_64-linux-gnu/libz.so.1.2.11
7fcce17fc000-7fcce1806000 r-xp 00000000 08:02 2626229                    /home/administrator/Downloads/jdk-17.0.8/lib/libinstrument.so
7fcce1806000-7fcce1807000 r--p 00009000 08:02 2626229                    /home/administrator/Downloads/jdk-17.0.8/lib/libinstrument.so
7fcce1807000-7fcce1808000 rw-p 0000a000 08:02 2626229                    /home/administrator/Downloads/jdk-17.0.8/lib/libinstrument.so
7fcce1808000-7fcce1809000 ---p 00000000 00:00 0 
7fcce1809000-7fcce180a000 r--p 00000000 00:00 0 
7fcce180a000-7fcce180c000 rw-p 00000000 00:00 0 
7fcce180c000-7fcce180e000 r--p 00000000 08:02 5915708                    /usr/lib/x86_64-linux-gnu/ld-linux-x86-64.so.2
7fcce180e000-7fcce1838000 r-xp 00002000 08:02 5915708                    /usr/lib/x86_64-linux-gnu/ld-linux-x86-64.so.2
7fcce1838000-7fcce1843000 r--p 0002c000 08:02 5915708                    /usr/lib/x86_64-linux-gnu/ld-linux-x86-64.so.2
7fcce1843000-7fcce1844000 ---p 00000000 00:00 0 
7fcce1844000-7fcce1846000 r--p 00037000 08:02 5915708                    /usr/lib/x86_64-linux-gnu/ld-linux-x86-64.so.2
7fcce1846000-7fcce1848000 rw-p 00039000 08:02 5915708                    /usr/lib/x86_64-linux-gnu/ld-linux-x86-64.so.2
7ffe45af9000-7ffe45b1a000 rw-p 00000000 00:00 0                          [stack]
7ffe45bb4000-7ffe45bb8000 r--p 00000000 00:00 0                          [vvar]
7ffe45bb8000-7ffe45bba000 r-xp 00000000 00:00 0                          [vdso]
ffffffffff600000-ffffffffff601000 --xp 00000000 00:00 0                  [vsyscall]


VM Arguments:
jvm_args: -javaagent:/home/administrator/idea-IC-232.10072.27/lib/idea_rt.jar=46827:/home/administrator/idea-IC-232.10072.27/bin -Dfile.encoding=UTF-8 
java_command: ch.abacus.test.Reproducer
java_class_path (initial): /root/IdeaProjects/test/out/production/test
Launcher Type: SUN_STANDARD

[Global flags]
     intx CICompilerCount                          = 4                                         {product} {ergonomic}
     uint ConcGCThreads                            = 2                                         {product} {ergonomic}
     uint G1ConcRefinementThreads                  = 8                                         {product} {ergonomic}
   size_t G1HeapRegionSize                         = 2097152                                   {product} {ergonomic}
    uintx GCDrainStackTargetSize                   = 64                                        {product} {ergonomic}
   size_t InitialHeapSize                          = 197132288                                 {product} {ergonomic}
   size_t MarkStackSize                            = 4194304                                   {product} {ergonomic}
   size_t MaxHeapSize                              = 3135242240                                {product} {ergonomic}
   size_t MaxNewSize                               = 1881145344                                {product} {ergonomic}
   size_t MinHeapDeltaBytes                        = 2097152                                   {product} {ergonomic}
   size_t MinHeapSize                              = 8388608                                   {product} {ergonomic}
    uintx NonNMethodCodeHeapSize                   = 5839372                                {pd product} {ergonomic}
    uintx NonProfiledCodeHeapSize                  = 122909434                              {pd product} {ergonomic}
    uintx ProfiledCodeHeapSize                     = 122909434                              {pd product} {ergonomic}
    uintx ReservedCodeCacheSize                    = 251658240                              {pd product} {ergonomic}
     bool SegmentedCodeCache                       = true                                      {product} {ergonomic}
   size_t SoftMaxHeapSize                          = 3135242240                             {manageable} {ergonomic}
     bool UseCompressedClassPointers               = true                           {product lp64_product} {ergonomic}
     bool UseCompressedOops                        = true                           {product lp64_product} {ergonomic}
     bool UseG1GC                                  = true                                      {product} {ergonomic}

Logging:
Log output configuration:
 #0: stdout all=warning uptime,level,tags
 #1: stderr all=off uptime,level,tags

Environment Variables:
PATH=/usr/local/sbin:/usr/local/bin:/usr/sbin:/usr/bin:/sbin:/bin:/snap/bin
SHELL=/bin/bash
DISPLAY=:0
LANG=en_US.UTF-8

Signal Handlers:
   SIGSEGV: crash_handler in libjvm.so, mask=11100100010111111101111111111110, flags=SA_RESTART|SA_SIGINFO
    SIGBUS: crash_handler in libjvm.so, mask=11100100010111111101111111111110, flags=SA_RESTART|SA_SIGINFO
    SIGFPE: crash_handler in libjvm.so, mask=11100100010111111101111111111110, flags=SA_RESTART|SA_SIGINFO
   SIGPIPE: javaSignalHandler in libjvm.so, mask=11100100010111111101111111111110, flags=SA_RESTART|SA_SIGINFO
   SIGXFSZ: javaSignalHandler in libjvm.so, mask=11100100010111111101111111111110, flags=SA_RESTART|SA_SIGINFO
    SIGILL: crash_handler in libjvm.so, mask=11100100010111111101111111111110, flags=SA_RESTART|SA_SIGINFO
   SIGUSR2: SR_handler in libjvm.so, mask=00100000000000000000000000000000, flags=SA_RESTART|SA_SIGINFO
    SIGHUP: UserHandler in libjvm.so, mask=11100100010111111101111111111110, flags=SA_RESTART|SA_SIGINFO
    SIGINT: UserHandler in libjvm.so, mask=11100100010111111101111111111110, flags=SA_RESTART|SA_SIGINFO
   SIGTERM: UserHandler in libjvm.so, mask=11100100010111111101111111111110, flags=SA_RESTART|SA_SIGINFO
   SIGQUIT: UserHandler in libjvm.so, mask=11100100010111111101111111111110, flags=SA_RESTART|SA_SIGINFO
   SIGTRAP: crash_handler in libjvm.so, mask=11100100010111111101111111111110, flags=SA_RESTART|SA_SIGINFO


---------------  S Y S T E M  ---------------

OS:
DISTRIB_ID=Ubuntu
DISTRIB_RELEASE=22.04
DISTRIB_CODENAME=jammy
DISTRIB_DESCRIPTION="Ubuntu 22.04.3 LTS"
uname: Linux 5.15.0-86-generic #96-Ubuntu SMP Wed Sep 20 08:23:49 UTC 2023 x86_64
OS uptime: 1 days 16:23 hours
libc: glibc 2.35 NPTL 2.35 
rlimit (soft/hard): STACK 8192k/infinity , CORE 0k/0k , NPROC 47350/47350 , NOFILE 65535/65535 , AS infinity/infinity , CPU infinity/infinity , DATA infinity/infinity , FSIZE infinity/infinity , MEMLOCK 1530436k/1530436k
load average: 0.17 0.16 0.12

/proc/meminfo:
MemTotal:       12243500 kB
MemFree:          191968 kB
MemAvailable:    1530500 kB
Buffers:          230624 kB
Cached:          1367784 kB
SwapCached:       167540 kB
Active:          3541780 kB
Inactive:        7732644 kB
Active(anon):    2824420 kB
Inactive(anon):  6944692 kB
Active(file):     717360 kB
Inactive(file):   787952 kB
Unevictable:       32424 kB
Mlocked:           32424 kB
SwapTotal:       4194300 kB
SwapFree:        1194748 kB
Dirty:               368 kB
Writeback:            44 kB
AnonPages:       9545176 kB
Mapped:           554428 kB
Shmem:            115100 kB
KReclaimable:     140544 kB
Slab:             279336 kB
SReclaimable:     140544 kB
SUnreclaim:       138792 kB
KernelStack:       37800 kB
PageTables:        67840 kB
NFS_Unstable:          0 kB
Bounce:                0 kB
WritebackTmp:          0 kB
CommitLimit:    10316048 kB
Committed_AS:   20164048 kB
VmallocTotal:   34359738367 kB
VmallocUsed:       58832 kB
VmallocChunk:          0 kB
Percpu:             6816 kB
HardwareCorrupted:     0 kB
AnonHugePages:      2048 kB
ShmemHugePages:        0 kB
ShmemPmdMapped:        0 kB
FileHugePages:         0 kB
FilePmdMapped:         0 kB
HugePages_Total:       0
HugePages_Free:        0
HugePages_Rsvd:        0
HugePages_Surp:        0
Hugepagesize:       2048 kB
Hugetlb:               0 kB
DirectMap4k:      364416 kB
DirectMap2M:     5926912 kB
DirectMap1G:     8388608 kB

/sys/kernel/mm/transparent_hugepage/enabled: always [madvise] never
/sys/kernel/mm/transparent_hugepage/defrag (defrag/compaction efforts parameter): always defer defer+madvise [madvise] never

Process Memory:
Virtual Size: 6024516K (peak: 6025600K)
Resident Set Size: 66212K (peak: 67104K) (anon: 45168K, file: 21044K, shmem: 0K)
Swapped out: 0K
C-Heap outstanding allocations: 36417K, retained: 3078K

/proc/sys/kernel/threads-max (system-wide limit on the number of threads): 94700
/proc/sys/vm/max_map_count (maximum number of memory map areas a process may have): 65530
/proc/sys/kernel/pid_max (system-wide limit on number of process identifiers): 4194304

container (cgroup) information:
container_type: cgroupv2
cpu_cpuset_cpus: not supported
cpu_memory_nodes: not supported
active_processor_count: 8
cpu_quota: not supported
cpu_period: not supported
cpu_shares: not supported
memory_limit_in_bytes: unlimited
memory_and_swap_limit_in_bytes: unlimited
memory_soft_limit_in_bytes: unlimited
memory_usage_in_bytes: 2794052 k
memory_max_usage_in_bytes: not supported
memory_swap_current_in_bytes: 2848 k
memory_swap_max_limit_in_bytes: unlimited
maximum number of tasks: 14205
current number of tasks: 132

VMWare virtualization detected
Steal ticks since vm start: 0
Steal ticks percentage since vm start:  0.000

CPU: total 8 (initial active 8) (2 cores per cpu, 1 threads per core) family 6 model 85 stepping 0 microcode 0x5003303, cx8, cmov, fxsr, mmx, 3dnowpref, sse, sse2, sse3, ssse3, sse4.1, sse4.2, popcnt, lzcnt, tsc, tscinvbit, avx, avx2, aes, erms, clmul, bmi1, bmi2, adx, fma, vzeroupper, clflush, clflushopt, clwb, hv
CPU Model and flags from /proc/cpuinfo:
model name	: Intel(R) Xeon(R) Gold 6240R CPU @ 2.40GHz
flags		: fpu vme de pse tsc msr pae mce cx8 apic sep mtrr pge mca cmov pat pse36 clflush mmx fxsr sse sse2 ss ht syscall nx pdpe1gb rdtscp lm constant_tsc arch_perfmon nopl xtopology tsc_reliable nonstop_tsc cpuid tsc_known_freq pni pclmulqdq ssse3 fma cx16 pcid sse4_1 sse4_2 x2apic movbe popcnt tsc_deadline_timer aes xsave avx f16c rdrand hypervisor lahf_lm abm 3dnowprefetch cpuid_fault invpcid_single pti ssbd ibrs ibpb stibp fsgsbase tsc_adjust bmi1 avx2 smep bmi2 invpcid avx512f avx512dq rdseed adx smap clflushopt clwb avx512cd avx512bw avx512vl xsaveopt xsavec xsaves arat pku ospke md_clear flush_l1d arch_capabilities

Online cpus: 0-7
Offline cpus: 
BIOS frequency limitation: <Not Available>
Frequency switch latency (ns): <Not Available>
Available cpu frequencies: <Not Available>
Current governor: <Not Available>
Core performance/turbo boost: <Not Available>

Memory: 4k page, physical 12243500k(191968k free), swap 4194300k(1194748k free)
Page Sizes: 4k

vm_info: Java HotSpot(TM) 64-Bit Server VM (17.0.8+9-LTS-211) for linux-amd64 JRE (17.0.8+9-LTS-211), built on Jun 14 2023 09:27:34 by "mach5one" with gcc 11.2.0

END.
